2025-09-02 22:43:58,694 | INFO | Starting depth analysis on device: cuda
2025-09-02 22:43:58,730 | INFO | Loaded 2016 records with 44 features
2025-09-02 22:43:58,736 | INFO | Features: 20 base + 4 depth
2025-09-02 22:43:58,736 | INFO | Data split - Train: 1451, Val: 161, Test: 403
2025-09-02 22:43:58,737 | INFO | Training model WITH depth features
2025-09-02 22:43:58,738 | INFO | Enhanced depth signal for 'geo_gradient_C_per_km'
2025-09-02 22:43:58,738 | INFO | Enhanced depth signal for 'bore_depth_km'
2025-09-02 22:43:58,738 | INFO | Enhanced depth signal for 'geo_baseline_T_at_depth'
2025-09-02 22:43:58,748 | INFO | Enhanced depth signal for 'bore_depth_km__d1'
2025-09-02 22:43:58,750 | INFO | Depth attention enabled for 4 features
2025-09-02 22:44:00,295 | INFO | with_depth|Epoch 1: train_loss=15.03695, val_loss=10.80268
2025-09-02 22:44:00,390 | INFO | with_depth|Epoch 2: train_loss=1.29623, val_loss=3.09356
2025-09-02 22:44:00,482 | INFO | with_depth|Epoch 3: train_loss=0.83768, val_loss=2.87825
2025-09-02 22:44:00,584 | INFO | with_depth|Epoch 4: train_loss=0.44328, val_loss=0.82316
2025-09-02 22:44:00,673 | INFO | with_depth|Epoch 5: train_loss=0.18483, val_loss=0.98338
2025-09-02 22:44:00,762 | INFO | with_depth|Epoch 6: train_loss=0.14264, val_loss=0.58778
2025-09-02 22:44:00,849 | INFO | with_depth|Epoch 7: train_loss=0.06994, val_loss=0.04892
2025-09-02 22:44:00,937 | INFO | with_depth|Epoch 8: train_loss=0.03997, val_loss=0.03333
2025-09-02 22:44:01,028 | INFO | with_depth|Epoch 9: train_loss=0.03031, val_loss=0.02539
2025-09-02 22:44:01,113 | INFO | with_depth|Epoch 10: train_loss=0.03450, val_loss=0.04363
2025-09-02 22:44:01,202 | INFO | with_depth|Epoch 11: train_loss=0.02451, val_loss=0.02560
2025-09-02 22:44:01,291 | INFO | with_depth|Epoch 12: train_loss=0.02306, val_loss=0.09656
2025-09-02 22:44:01,379 | INFO | with_depth|Epoch 13: train_loss=0.02178, val_loss=0.01265
2025-09-02 22:44:01,470 | INFO | with_depth|Epoch 14: train_loss=0.02131, val_loss=0.02340
2025-09-02 22:44:01,560 | INFO | with_depth|Epoch 15: train_loss=0.02083, val_loss=0.02132
2025-09-02 22:44:01,647 | INFO | with_depth|Epoch 16: train_loss=0.01881, val_loss=0.03232
2025-09-02 22:44:01,744 | INFO | with_depth|Epoch 17: train_loss=0.01923, val_loss=0.02439
2025-09-02 22:44:01,832 | INFO | with_depth|Epoch 18: train_loss=0.01711, val_loss=0.02639
2025-09-02 22:44:01,916 | INFO | with_depth|Epoch 19: train_loss=0.01699, val_loss=0.02431
2025-09-02 22:44:02,017 | INFO | with_depth|Epoch 20: train_loss=0.01879, val_loss=0.02589
2025-09-02 22:44:02,111 | INFO | with_depth|Epoch 21: train_loss=0.01702, val_loss=0.02235
2025-09-02 22:44:02,232 | INFO | with_depth|Epoch 22: train_loss=0.01530, val_loss=0.03100
2025-09-02 22:44:02,347 | INFO | with_depth|Epoch 23: train_loss=0.01593, val_loss=0.02764
2025-09-02 22:44:02,463 | INFO | with_depth|Epoch 24: train_loss=0.01524, val_loss=0.02770
2025-09-02 22:44:02,586 | INFO | with_depth|Epoch 25: train_loss=0.01627, val_loss=0.02140
2025-09-02 22:44:02,710 | INFO | with_depth|Epoch 26: train_loss=0.01534, val_loss=0.02548
2025-09-02 22:44:02,827 | INFO | with_depth|Epoch 27: train_loss=0.01447, val_loss=0.02662
2025-09-02 22:44:02,950 | INFO | with_depth|Epoch 28: train_loss=0.01349, val_loss=0.02618
2025-09-02 22:44:03,063 | INFO | with_depth|Epoch 29: train_loss=0.01352, val_loss=0.02422
2025-09-02 22:44:03,063 | INFO | Early stopping at epoch 29
2025-09-02 22:44:03,077 | INFO | Model WITH depth - MAE: 0.1708, RMSE: 0.2036
2025-09-02 22:44:03,077 | INFO | Training model WITHOUT depth features
2025-09-02 22:44:03,172 | INFO | no_depth|Epoch 1: train_loss=14.09367, val_loss=9.71408
2025-09-02 22:44:03,260 | INFO | no_depth|Epoch 2: train_loss=1.16986, val_loss=3.37563
2025-09-02 22:44:03,344 | INFO | no_depth|Epoch 3: train_loss=0.82350, val_loss=2.52573
2025-09-02 22:44:03,433 | INFO | no_depth|Epoch 4: train_loss=0.39774, val_loss=0.55840
2025-09-02 22:44:03,524 | INFO | no_depth|Epoch 5: train_loss=0.11529, val_loss=0.10471
2025-09-02 22:44:03,615 | INFO | no_depth|Epoch 6: train_loss=0.03956, val_loss=0.02991
2025-09-02 22:44:03,700 | INFO | no_depth|Epoch 7: train_loss=0.03013, val_loss=0.03685
2025-09-02 22:44:03,787 | INFO | no_depth|Epoch 8: train_loss=0.02406, val_loss=0.00876
2025-09-02 22:44:03,872 | INFO | no_depth|Epoch 9: train_loss=0.02262, val_loss=0.00974
2025-09-02 22:44:03,956 | INFO | no_depth|Epoch 10: train_loss=0.02096, val_loss=0.04197
2025-09-02 22:44:04,041 | INFO | no_depth|Epoch 11: train_loss=0.01681, val_loss=0.00974
2025-09-02 22:44:04,125 | INFO | no_depth|Epoch 12: train_loss=0.01480, val_loss=0.00784
2025-09-02 22:44:04,207 | INFO | no_depth|Epoch 13: train_loss=0.01364, val_loss=0.00923
2025-09-02 22:44:04,288 | INFO | no_depth|Epoch 14: train_loss=0.01218, val_loss=0.01399
2025-09-02 22:44:04,372 | INFO | no_depth|Epoch 15: train_loss=0.01133, val_loss=0.01549
2025-09-02 22:44:04,457 | INFO | no_depth|Epoch 16: train_loss=0.01120, val_loss=0.00983
2025-09-02 22:44:04,538 | INFO | no_depth|Epoch 17: train_loss=0.01128, val_loss=0.01115
2025-09-02 22:44:04,623 | INFO | no_depth|Epoch 18: train_loss=0.01071, val_loss=0.01216
2025-09-02 22:44:04,709 | INFO | no_depth|Epoch 19: train_loss=0.01090, val_loss=0.01266
2025-09-02 22:44:04,792 | INFO | no_depth|Epoch 20: train_loss=0.00881, val_loss=0.01127
2025-09-02 22:44:04,875 | INFO | no_depth|Epoch 21: train_loss=0.00924, val_loss=0.02423
2025-09-02 22:44:04,960 | INFO | no_depth|Epoch 22: train_loss=0.00919, val_loss=0.01058
2025-09-02 22:44:05,047 | INFO | no_depth|Epoch 23: train_loss=0.00936, val_loss=0.01488
2025-09-02 22:44:05,129 | INFO | no_depth|Epoch 24: train_loss=0.00848, val_loss=0.00832
2025-09-02 22:44:05,196 | INFO | no_depth|Epoch 25: train_loss=0.00798, val_loss=0.02067
2025-09-02 22:44:05,260 | INFO | no_depth|Epoch 26: train_loss=0.00894, val_loss=0.00817
2025-09-02 22:44:05,324 | INFO | no_depth|Epoch 27: train_loss=0.00821, val_loss=0.01641
2025-09-02 22:44:05,390 | INFO | no_depth|Epoch 28: train_loss=0.00718, val_loss=0.01272
2025-09-02 22:44:05,391 | INFO | Early stopping at epoch 28
2025-09-02 22:44:05,400 | INFO | Model WITHOUT depth - MAE: 0.1766, RMSE: 0.2192
2025-09-02 22:44:07,577 | INFO | Analysis complete
2025-09-02 22:44:07,577 | INFO | Depth sensitivity: 0.0170 C/km
2025-09-02 22:44:07,578 | INFO | MAE improvement: 0.0057
2025-09-02 22:44:07,578 | INFO | Outputs saved to: c:\Users\H259507\CNN-LSTM_geo\output
2025-09-02 22:50:43,022 | INFO | Starting depth analysis on device: cuda
2025-09-02 22:50:43,030 | INFO | Loaded 2016 records with 44 features
2025-09-02 22:50:43,036 | INFO | Features: 20 base + 4 depth
2025-09-02 22:50:43,036 | INFO | Data split - Train: 1451, Val: 161, Test: 403
2025-09-02 22:50:43,036 | INFO | Training model WITH depth features
2025-09-02 22:50:43,037 | INFO | Enhanced depth signal for 'geo_gradient_C_per_km'
2025-09-02 22:50:43,038 | INFO | Enhanced depth signal for 'bore_depth_km'
2025-09-02 22:50:43,038 | INFO | Enhanced depth signal for 'geo_baseline_T_at_depth'
2025-09-02 22:50:43,038 | INFO | Enhanced depth signal for 'bore_depth_km__d1'
2025-09-02 22:50:43,040 | INFO | Depth attention enabled for 4 features
2025-09-02 22:50:44,682 | INFO | with_depth|Epoch 1: train_loss=15.91964, val_loss=14.83720
2025-09-02 22:50:44,800 | INFO | with_depth|Epoch 2: train_loss=1.86154, val_loss=2.65933
2025-09-02 22:50:44,919 | INFO | with_depth|Epoch 3: train_loss=0.93776, val_loss=3.86644
2025-09-02 22:50:45,035 | INFO | with_depth|Epoch 4: train_loss=0.90609, val_loss=3.75932
2025-09-02 22:50:45,147 | INFO | with_depth|Epoch 5: train_loss=0.74175, val_loss=2.30076
2025-09-02 22:50:45,260 | INFO | with_depth|Epoch 6: train_loss=0.25734, val_loss=0.51860
2025-09-02 22:50:45,354 | INFO | with_depth|Epoch 7: train_loss=0.07270, val_loss=0.06788
2025-09-02 22:50:45,440 | INFO | with_depth|Epoch 8: train_loss=0.03382, val_loss=0.01264
2025-09-02 22:50:45,534 | INFO | with_depth|Epoch 9: train_loss=0.02957, val_loss=0.01410
2025-09-02 22:50:45,629 | INFO | with_depth|Epoch 10: train_loss=0.02565, val_loss=0.01281
2025-09-02 22:50:45,726 | INFO | with_depth|Epoch 11: train_loss=0.02234, val_loss=0.01325
2025-09-02 22:50:45,811 | INFO | with_depth|Epoch 12: train_loss=0.02163, val_loss=0.02695
2025-09-02 22:50:45,893 | INFO | with_depth|Epoch 13: train_loss=0.01958, val_loss=0.01714
2025-09-02 22:50:45,985 | INFO | with_depth|Epoch 14: train_loss=0.01911, val_loss=0.01701
2025-09-02 22:50:46,072 | INFO | with_depth|Epoch 15: train_loss=0.01887, val_loss=0.03109
2025-09-02 22:50:46,160 | INFO | with_depth|Epoch 16: train_loss=0.01580, val_loss=0.02427
2025-09-02 22:50:46,246 | INFO | with_depth|Epoch 17: train_loss=0.01607, val_loss=0.01860
2025-09-02 22:50:46,351 | INFO | with_depth|Epoch 18: train_loss=0.01789, val_loss=0.01017
2025-09-02 22:50:46,467 | INFO | with_depth|Epoch 19: train_loss=0.01638, val_loss=0.01605
2025-09-02 22:50:46,586 | INFO | with_depth|Epoch 20: train_loss=0.01497, val_loss=0.01444
2025-09-02 22:50:46,709 | INFO | with_depth|Epoch 21: train_loss=0.01348, val_loss=0.00864
2025-09-02 22:50:46,829 | INFO | with_depth|Epoch 22: train_loss=0.01273, val_loss=0.01983
2025-09-02 22:50:46,943 | INFO | with_depth|Epoch 23: train_loss=0.01241, val_loss=0.03015
2025-09-02 22:50:47,067 | INFO | with_depth|Epoch 24: train_loss=0.01149, val_loss=0.03512
2025-09-02 22:50:47,185 | INFO | with_depth|Epoch 25: train_loss=0.01143, val_loss=0.05581
2025-09-02 22:50:47,304 | INFO | with_depth|Epoch 26: train_loss=0.01034, val_loss=0.03455
2025-09-02 22:50:47,387 | INFO | with_depth|Epoch 27: train_loss=0.01084, val_loss=0.01633
2025-09-02 22:50:47,475 | INFO | with_depth|Epoch 28: train_loss=0.01131, val_loss=0.01319
2025-09-02 22:50:47,561 | INFO | with_depth|Epoch 29: train_loss=0.00964, val_loss=0.02677
2025-09-02 22:50:47,648 | INFO | with_depth|Epoch 30: train_loss=0.00919, val_loss=0.01621
2025-09-02 22:50:47,736 | INFO | with_depth|Epoch 31: train_loss=0.00818, val_loss=0.01755
2025-09-02 22:50:47,827 | INFO | with_depth|Epoch 32: train_loss=0.00953, val_loss=0.02637
2025-09-02 22:50:47,914 | INFO | with_depth|Epoch 33: train_loss=0.00832, val_loss=0.01960
2025-09-02 22:50:47,999 | INFO | with_depth|Epoch 34: train_loss=0.00848, val_loss=0.05538
2025-09-02 22:50:48,091 | INFO | with_depth|Epoch 35: train_loss=0.00760, val_loss=0.01621
2025-09-02 22:50:48,182 | INFO | with_depth|Epoch 36: train_loss=0.00981, val_loss=0.02448
2025-09-02 22:50:48,269 | INFO | with_depth|Epoch 37: train_loss=0.00808, val_loss=0.03103
2025-09-02 22:50:48,269 | INFO | Early stopping at epoch 37
2025-09-02 22:50:48,282 | INFO | Model WITH depth - MAE: 0.1840, RMSE: 0.2335
2025-09-02 22:50:48,282 | INFO | Training model WITHOUT depth features
2025-09-02 22:50:48,371 | INFO | no_depth|Epoch 1: train_loss=15.83395, val_loss=11.23547
2025-09-02 22:50:48,458 | INFO | no_depth|Epoch 2: train_loss=1.37942, val_loss=2.79678
2025-09-02 22:50:48,548 | INFO | no_depth|Epoch 3: train_loss=0.86882, val_loss=2.86850
2025-09-02 22:50:48,632 | INFO | no_depth|Epoch 4: train_loss=0.50309, val_loss=1.08580
2025-09-02 22:50:48,716 | INFO | no_depth|Epoch 5: train_loss=0.13929, val_loss=0.07798
2025-09-02 22:50:48,802 | INFO | no_depth|Epoch 6: train_loss=0.04671, val_loss=0.01343
2025-09-02 22:50:48,887 | INFO | no_depth|Epoch 7: train_loss=0.03857, val_loss=0.03157
2025-09-02 22:50:48,968 | INFO | no_depth|Epoch 8: train_loss=0.02791, val_loss=0.02868
2025-09-02 22:50:49,052 | INFO | no_depth|Epoch 9: train_loss=0.02355, val_loss=0.02326
2025-09-02 22:50:49,132 | INFO | no_depth|Epoch 10: train_loss=0.02124, val_loss=0.01096
2025-09-02 22:50:49,213 | INFO | no_depth|Epoch 11: train_loss=0.01834, val_loss=0.02182
2025-09-02 22:50:49,299 | INFO | no_depth|Epoch 12: train_loss=0.01742, val_loss=0.00782
2025-09-02 22:50:49,367 | INFO | no_depth|Epoch 13: train_loss=0.01677, val_loss=0.00864
2025-09-02 22:50:49,436 | INFO | no_depth|Epoch 14: train_loss=0.01541, val_loss=0.00937
2025-09-02 22:50:49,523 | INFO | no_depth|Epoch 15: train_loss=0.01537, val_loss=0.00958
2025-09-02 22:50:49,598 | INFO | no_depth|Epoch 16: train_loss=0.01312, val_loss=0.00990
2025-09-02 22:50:49,667 | INFO | no_depth|Epoch 17: train_loss=0.01355, val_loss=0.01376
2025-09-02 22:50:49,732 | INFO | no_depth|Epoch 18: train_loss=0.01210, val_loss=0.01159
2025-09-02 22:50:49,795 | INFO | no_depth|Epoch 19: train_loss=0.01112, val_loss=0.00994
2025-09-02 22:50:49,867 | INFO | no_depth|Epoch 20: train_loss=0.01029, val_loss=0.01347
2025-09-02 22:50:49,937 | INFO | no_depth|Epoch 21: train_loss=0.00953, val_loss=0.02054
2025-09-02 22:50:50,003 | INFO | no_depth|Epoch 22: train_loss=0.00976, val_loss=0.01425
2025-09-02 22:50:50,072 | INFO | no_depth|Epoch 23: train_loss=0.00855, val_loss=0.01520
2025-09-02 22:50:50,141 | INFO | no_depth|Epoch 24: train_loss=0.00942, val_loss=0.02020
2025-09-02 22:50:50,212 | INFO | no_depth|Epoch 25: train_loss=0.00914, val_loss=0.02262
2025-09-02 22:50:50,280 | INFO | no_depth|Epoch 26: train_loss=0.00884, val_loss=0.02831
2025-09-02 22:50:50,361 | INFO | no_depth|Epoch 27: train_loss=0.00933, val_loss=0.01469
2025-09-02 22:50:50,445 | INFO | no_depth|Epoch 28: train_loss=0.00878, val_loss=0.01811
2025-09-02 22:50:50,445 | INFO | Early stopping at epoch 28
2025-09-02 22:50:50,458 | INFO | Model WITHOUT depth - MAE: 0.2054, RMSE: 0.2400
2025-09-02 22:50:57,658 | INFO | Analysis complete
2025-09-02 22:50:57,658 | INFO | Depth sensitivity: 0.3355 C/km
2025-09-02 22:50:57,659 | INFO | MAE improvement: 0.0214
2025-09-02 22:50:57,659 | INFO | Outputs saved to: c:\Users\H259507\CNN-LSTM_geo\output
2025-09-02 22:52:54,187 | INFO | Starting depth analysis on device: cuda
2025-09-02 22:52:54,196 | INFO | Loaded 2016 records with 44 features
2025-09-02 22:52:54,201 | INFO | Features: 20 base + 4 depth
2025-09-02 22:52:54,202 | INFO | Data split - Train: 1451, Val: 161, Test: 403
2025-09-02 22:52:54,202 | INFO | Training model WITH depth features
2025-09-02 22:52:54,203 | INFO | Enhanced depth signal for 'geo_gradient_C_per_km'
2025-09-02 22:52:54,203 | INFO | Enhanced depth signal for 'bore_depth_km'
2025-09-02 22:52:54,203 | INFO | Enhanced depth signal for 'geo_baseline_T_at_depth'
2025-09-02 22:52:54,204 | INFO | Enhanced depth signal for 'bore_depth_km__d1'
2025-09-02 22:52:54,205 | INFO | Depth attention enabled for 4 features
2025-09-02 22:52:55,654 | INFO | with_depth|Epoch 1: train_loss=14.71274, val_loss=11.09206
2025-09-02 22:52:55,747 | INFO | with_depth|Epoch 2: train_loss=1.28002, val_loss=2.82996
2025-09-02 22:52:55,836 | INFO | with_depth|Epoch 3: train_loss=0.87088, val_loss=3.10543
2025-09-02 22:52:55,919 | INFO | with_depth|Epoch 4: train_loss=0.55603, val_loss=1.37454
2025-09-02 22:52:56,000 | INFO | with_depth|Epoch 5: train_loss=0.22928, val_loss=0.41710
2025-09-02 22:52:56,082 | INFO | with_depth|Epoch 6: train_loss=0.10160, val_loss=0.11329
2025-09-02 22:52:56,170 | INFO | with_depth|Epoch 7: train_loss=0.04469, val_loss=0.03734
2025-09-02 22:52:56,250 | INFO | with_depth|Epoch 8: train_loss=0.03164, val_loss=0.01777
2025-09-02 22:52:56,334 | INFO | with_depth|Epoch 9: train_loss=0.02778, val_loss=0.01982
2025-09-02 22:52:56,414 | INFO | with_depth|Epoch 10: train_loss=0.02532, val_loss=0.02294
2025-09-02 22:52:56,500 | INFO | with_depth|Epoch 11: train_loss=0.02422, val_loss=0.01194
2025-09-02 22:52:56,587 | INFO | with_depth|Epoch 12: train_loss=0.02145, val_loss=0.01645
2025-09-02 22:52:56,669 | INFO | with_depth|Epoch 13: train_loss=0.02032, val_loss=0.01835
2025-09-02 22:52:56,749 | INFO | with_depth|Epoch 14: train_loss=0.02038, val_loss=0.01929
2025-09-02 22:52:56,831 | INFO | with_depth|Epoch 15: train_loss=0.01802, val_loss=0.01821
2025-09-02 22:52:56,922 | INFO | with_depth|Epoch 16: train_loss=0.01725, val_loss=0.01550
2025-09-02 22:52:57,013 | INFO | with_depth|Epoch 17: train_loss=0.01636, val_loss=0.02239
2025-09-02 22:52:57,095 | INFO | with_depth|Epoch 18: train_loss=0.01551, val_loss=0.01694
2025-09-02 22:52:57,176 | INFO | with_depth|Epoch 19: train_loss=0.01519, val_loss=0.01352
2025-09-02 22:52:57,256 | INFO | with_depth|Epoch 20: train_loss=0.01569, val_loss=0.02377
2025-09-02 22:52:57,336 | INFO | with_depth|Epoch 21: train_loss=0.01522, val_loss=0.02317
2025-09-02 22:52:57,431 | INFO | with_depth|Epoch 22: train_loss=0.01433, val_loss=0.01795
2025-09-02 22:52:57,508 | INFO | with_depth|Epoch 23: train_loss=0.01377, val_loss=0.00828
2025-09-02 22:52:57,593 | INFO | with_depth|Epoch 24: train_loss=0.01431, val_loss=0.02152
2025-09-02 22:52:57,669 | INFO | with_depth|Epoch 25: train_loss=0.01537, val_loss=0.01778
2025-09-02 22:52:57,754 | INFO | with_depth|Epoch 26: train_loss=0.01432, val_loss=0.01093
2025-09-02 22:52:57,842 | INFO | with_depth|Epoch 27: train_loss=0.01324, val_loss=0.01814
2025-09-02 22:52:57,924 | INFO | with_depth|Epoch 28: train_loss=0.01254, val_loss=0.00804
2025-09-02 22:52:58,015 | INFO | with_depth|Epoch 29: train_loss=0.01228, val_loss=0.01057
2025-09-02 22:52:58,095 | INFO | with_depth|Epoch 30: train_loss=0.01310, val_loss=0.01920
2025-09-02 22:52:58,172 | INFO | with_depth|Epoch 31: train_loss=0.01334, val_loss=0.00762
2025-09-02 22:52:58,253 | INFO | with_depth|Epoch 32: train_loss=0.01367, val_loss=0.02259
2025-09-02 22:52:58,342 | INFO | with_depth|Epoch 33: train_loss=0.01275, val_loss=0.01140
2025-09-02 22:52:58,438 | INFO | with_depth|Epoch 34: train_loss=0.01219, val_loss=0.04831
2025-09-02 22:52:58,530 | INFO | with_depth|Epoch 35: train_loss=0.01283, val_loss=0.02045
2025-09-02 22:52:58,617 | INFO | with_depth|Epoch 36: train_loss=0.01112, val_loss=0.02538
2025-09-02 22:52:58,711 | INFO | with_depth|Epoch 37: train_loss=0.01119, val_loss=0.01549
2025-09-02 22:52:58,817 | INFO | with_depth|Epoch 38: train_loss=0.01004, val_loss=0.00911
2025-09-02 22:52:58,927 | INFO | with_depth|Epoch 39: train_loss=0.01023, val_loss=0.00880
2025-09-02 22:52:59,036 | INFO | with_depth|Epoch 40: train_loss=0.00966, val_loss=0.00984
2025-09-02 22:52:59,049 | INFO | Model WITH depth - MAE: 0.1823, RMSE: 0.2409
2025-09-02 22:52:59,049 | INFO | Training model WITHOUT depth features
2025-09-02 22:52:59,135 | INFO | no_depth|Epoch 1: train_loss=14.62470, val_loss=10.29654
2025-09-02 22:52:59,238 | INFO | no_depth|Epoch 2: train_loss=1.16362, val_loss=3.33406
2025-09-02 22:52:59,320 | INFO | no_depth|Epoch 3: train_loss=0.85143, val_loss=3.14113
2025-09-02 22:52:59,400 | INFO | no_depth|Epoch 4: train_loss=0.52316, val_loss=0.99042
2025-09-02 22:52:59,479 | INFO | no_depth|Epoch 5: train_loss=0.16509, val_loss=0.09499
2025-09-02 22:52:59,566 | INFO | no_depth|Epoch 6: train_loss=0.05116, val_loss=0.06568
2025-09-02 22:52:59,646 | INFO | no_depth|Epoch 7: train_loss=0.03252, val_loss=0.01387
2025-09-02 22:52:59,734 | INFO | no_depth|Epoch 8: train_loss=0.02664, val_loss=0.01118
2025-09-02 22:52:59,828 | INFO | no_depth|Epoch 9: train_loss=0.02376, val_loss=0.00947
2025-09-02 22:52:59,925 | INFO | no_depth|Epoch 10: train_loss=0.01882, val_loss=0.00920
2025-09-02 22:53:00,013 | INFO | no_depth|Epoch 11: train_loss=0.01634, val_loss=0.01137
2025-09-02 22:53:00,097 | INFO | no_depth|Epoch 12: train_loss=0.01494, val_loss=0.00856
2025-09-02 22:53:00,180 | INFO | no_depth|Epoch 13: train_loss=0.01521, val_loss=0.00776
2025-09-02 22:53:00,271 | INFO | no_depth|Epoch 14: train_loss=0.01371, val_loss=0.01806
2025-09-02 22:53:00,354 | INFO | no_depth|Epoch 15: train_loss=0.01443, val_loss=0.01329
2025-09-02 22:53:00,435 | INFO | no_depth|Epoch 16: train_loss=0.01453, val_loss=0.01257
2025-09-02 22:53:00,513 | INFO | no_depth|Epoch 17: train_loss=0.01389, val_loss=0.01026
2025-09-02 22:53:00,594 | INFO | no_depth|Epoch 18: train_loss=0.01215, val_loss=0.01872
2025-09-02 22:53:00,673 | INFO | no_depth|Epoch 19: train_loss=0.01180, val_loss=0.00899
2025-09-02 22:53:00,755 | INFO | no_depth|Epoch 20: train_loss=0.01106, val_loss=0.01127
2025-09-02 22:53:00,838 | INFO | no_depth|Epoch 21: train_loss=0.01007, val_loss=0.00873
2025-09-02 22:53:00,919 | INFO | no_depth|Epoch 22: train_loss=0.00904, val_loss=0.01155
2025-09-02 22:53:00,999 | INFO | no_depth|Epoch 23: train_loss=0.01026, val_loss=0.01030
2025-09-02 22:53:01,080 | INFO | no_depth|Epoch 24: train_loss=0.00986, val_loss=0.01387
2025-09-02 22:53:01,159 | INFO | no_depth|Epoch 25: train_loss=0.01246, val_loss=0.05264
2025-09-02 22:53:01,242 | INFO | no_depth|Epoch 26: train_loss=0.01031, val_loss=0.03575
2025-09-02 22:53:01,329 | INFO | no_depth|Epoch 27: train_loss=0.01113, val_loss=0.03274
2025-09-02 22:53:01,420 | INFO | no_depth|Epoch 28: train_loss=0.00857, val_loss=0.04604
2025-09-02 22:53:01,511 | INFO | no_depth|Epoch 29: train_loss=0.00943, val_loss=0.00754
2025-09-02 22:53:01,595 | INFO | no_depth|Epoch 30: train_loss=0.01080, val_loss=0.00743
2025-09-02 22:53:01,675 | INFO | no_depth|Epoch 31: train_loss=0.00764, val_loss=0.01320
2025-09-02 22:53:01,735 | INFO | no_depth|Epoch 32: train_loss=0.00901, val_loss=0.04319
2025-09-02 22:53:01,809 | INFO | no_depth|Epoch 33: train_loss=0.01216, val_loss=0.06724
2025-09-02 22:53:01,882 | INFO | no_depth|Epoch 34: train_loss=0.01270, val_loss=0.01317
2025-09-02 22:53:01,948 | INFO | no_depth|Epoch 35: train_loss=0.00881, val_loss=0.00907
2025-09-02 22:53:02,014 | INFO | no_depth|Epoch 36: train_loss=0.00773, val_loss=0.01626
2025-09-02 22:53:02,083 | INFO | no_depth|Epoch 37: train_loss=0.00704, val_loss=0.03963
2025-09-02 22:53:02,154 | INFO | no_depth|Epoch 38: train_loss=0.00704, val_loss=0.02643
2025-09-02 22:53:02,217 | INFO | no_depth|Epoch 39: train_loss=0.00629, val_loss=0.00884
2025-09-02 22:53:02,288 | INFO | no_depth|Epoch 40: train_loss=0.00641, val_loss=0.03641
2025-09-02 22:53:02,298 | INFO | Model WITHOUT depth - MAE: 0.1707, RMSE: 0.2243
2025-09-02 22:53:07,669 | INFO | Analysis complete
2025-09-02 22:53:07,669 | INFO | Depth sensitivity: 0.0807 C/km
2025-09-02 22:53:07,669 | INFO | MAE improvement: -0.0116
2025-09-02 22:53:07,669 | INFO | Outputs saved to: c:\Users\H259507\CNN-LSTM_geo\output
2025-09-02 22:54:56,309 | INFO | Starting depth analysis on device: cuda
2025-09-02 22:54:56,317 | INFO | Loaded 2016 records with 44 features
2025-09-02 22:54:56,323 | INFO | Features: 20 base + 4 depth
2025-09-02 22:54:56,324 | INFO | Data split - Train: 1451, Val: 161, Test: 403
2025-09-02 22:54:56,324 | INFO | Training model WITH depth features
2025-09-02 22:54:56,325 | INFO | Enhanced depth signal for 'geo_gradient_C_per_km'
2025-09-02 22:54:56,325 | INFO | Enhanced depth signal for 'bore_depth_km'
2025-09-02 22:54:56,325 | INFO | Enhanced depth signal for 'geo_baseline_T_at_depth'
2025-09-02 22:54:56,326 | INFO | Enhanced depth signal for 'bore_depth_km__d1'
2025-09-02 22:54:56,328 | INFO | Depth attention enabled for 4 features
2025-09-02 22:54:57,750 | INFO | with_depth|Epoch 1: train_loss=16.05815, val_loss=12.16936
2025-09-02 22:54:57,834 | INFO | with_depth|Epoch 2: train_loss=1.39716, val_loss=2.68420
2025-09-02 22:54:57,919 | INFO | with_depth|Epoch 3: train_loss=0.88921, val_loss=2.98706
2025-09-02 22:54:58,002 | INFO | with_depth|Epoch 4: train_loss=0.64080, val_loss=1.72737
2025-09-02 22:54:58,084 | INFO | with_depth|Epoch 5: train_loss=0.25548, val_loss=0.41157
2025-09-02 22:54:58,168 | INFO | with_depth|Epoch 6: train_loss=0.09639, val_loss=0.21126
2025-09-02 22:54:58,245 | INFO | with_depth|Epoch 7: train_loss=0.04649, val_loss=0.06718
2025-09-02 22:54:58,329 | INFO | with_depth|Epoch 8: train_loss=0.04112, val_loss=0.03491
2025-09-02 22:54:58,411 | INFO | with_depth|Epoch 9: train_loss=0.02924, val_loss=0.02008
2025-09-02 22:54:58,490 | INFO | with_depth|Epoch 10: train_loss=0.02650, val_loss=0.02742
2025-09-02 22:54:58,571 | INFO | with_depth|Epoch 11: train_loss=0.02435, val_loss=0.01530
2025-09-02 22:54:58,655 | INFO | with_depth|Epoch 12: train_loss=0.02282, val_loss=0.02561
2025-09-02 22:54:58,740 | INFO | with_depth|Epoch 13: train_loss=0.02282, val_loss=0.02514
2025-09-02 22:54:58,820 | INFO | with_depth|Epoch 14: train_loss=0.02065, val_loss=0.02890
2025-09-02 22:54:58,921 | INFO | with_depth|Epoch 15: train_loss=0.01866, val_loss=0.01597
2025-09-02 22:54:59,027 | INFO | with_depth|Epoch 16: train_loss=0.01688, val_loss=0.01283
2025-09-02 22:54:59,132 | INFO | with_depth|Epoch 17: train_loss=0.01746, val_loss=0.01853
2025-09-02 22:54:59,257 | INFO | with_depth|Epoch 18: train_loss=0.01662, val_loss=0.01622
2025-09-02 22:54:59,367 | INFO | with_depth|Epoch 19: train_loss=0.01713, val_loss=0.04957
2025-09-02 22:54:59,470 | INFO | with_depth|Epoch 20: train_loss=0.01706, val_loss=0.00858
2025-09-02 22:54:59,580 | INFO | with_depth|Epoch 21: train_loss=0.01570, val_loss=0.05267
2025-09-02 22:54:59,696 | INFO | with_depth|Epoch 22: train_loss=0.01467, val_loss=0.01760
2025-09-02 22:54:59,805 | INFO | with_depth|Epoch 23: train_loss=0.01292, val_loss=0.08636
2025-09-02 22:54:59,906 | INFO | with_depth|Epoch 24: train_loss=0.01392, val_loss=0.02030
2025-09-02 22:54:59,986 | INFO | with_depth|Epoch 25: train_loss=0.01056, val_loss=0.01077
2025-09-02 22:55:00,069 | INFO | with_depth|Epoch 26: train_loss=0.00964, val_loss=0.00970
2025-09-02 22:55:00,163 | INFO | with_depth|Epoch 27: train_loss=0.01034, val_loss=0.04869
2025-09-02 22:55:00,245 | INFO | with_depth|Epoch 28: train_loss=0.00973, val_loss=0.03109
2025-09-02 22:55:00,329 | INFO | with_depth|Epoch 29: train_loss=0.01101, val_loss=0.01991
2025-09-02 22:55:00,411 | INFO | with_depth|Epoch 30: train_loss=0.01079, val_loss=0.03354
2025-09-02 22:55:00,496 | INFO | with_depth|Epoch 31: train_loss=0.01129, val_loss=0.02149
2025-09-02 22:55:00,580 | INFO | with_depth|Epoch 32: train_loss=0.01008, val_loss=0.01959
2025-09-02 22:55:00,663 | INFO | with_depth|Epoch 33: train_loss=0.00884, val_loss=0.02476
2025-09-02 22:55:00,746 | INFO | with_depth|Epoch 34: train_loss=0.00813, val_loss=0.04293
2025-09-02 22:55:00,830 | INFO | with_depth|Epoch 35: train_loss=0.00849, val_loss=0.02474
2025-09-02 22:55:00,926 | INFO | with_depth|Epoch 36: train_loss=0.00784, val_loss=0.00958
2025-09-02 22:55:00,926 | INFO | Early stopping at epoch 36
2025-09-02 22:55:00,939 | INFO | Model WITH depth - MAE: 0.1553, RMSE: 0.2006
2025-09-02 22:55:00,939 | INFO | Training model WITHOUT depth features
2025-09-02 22:55:01,026 | INFO | no_depth|Epoch 1: train_loss=15.83019, val_loss=14.53631
2025-09-02 22:55:01,110 | INFO | no_depth|Epoch 2: train_loss=1.78293, val_loss=2.42996
2025-09-02 22:55:01,191 | INFO | no_depth|Epoch 3: train_loss=0.89456, val_loss=3.18301
2025-09-02 22:55:01,272 | INFO | no_depth|Epoch 4: train_loss=0.57944, val_loss=1.40155
2025-09-02 22:55:01,352 | INFO | no_depth|Epoch 5: train_loss=0.15960, val_loss=0.14084
2025-09-02 22:55:01,431 | INFO | no_depth|Epoch 6: train_loss=0.05065, val_loss=0.01172
2025-09-02 22:55:01,510 | INFO | no_depth|Epoch 7: train_loss=0.02768, val_loss=0.00987
2025-09-02 22:55:01,587 | INFO | no_depth|Epoch 8: train_loss=0.02191, val_loss=0.00886
2025-09-02 22:55:01,666 | INFO | no_depth|Epoch 9: train_loss=0.02087, val_loss=0.02197
2025-09-02 22:55:01,743 | INFO | no_depth|Epoch 10: train_loss=0.01715, val_loss=0.02050
2025-09-02 22:55:01,828 | INFO | no_depth|Epoch 11: train_loss=0.01613, val_loss=0.02039
2025-09-02 22:55:01,906 | INFO | no_depth|Epoch 12: train_loss=0.01805, val_loss=0.01050
2025-09-02 22:55:01,987 | INFO | no_depth|Epoch 13: train_loss=0.01422, val_loss=0.02121
2025-09-02 22:55:02,067 | INFO | no_depth|Epoch 14: train_loss=0.01361, val_loss=0.02527
2025-09-02 22:55:02,148 | INFO | no_depth|Epoch 15: train_loss=0.01502, val_loss=0.01615
2025-09-02 22:55:02,230 | INFO | no_depth|Epoch 16: train_loss=0.01323, val_loss=0.02962
2025-09-02 22:55:02,309 | INFO | no_depth|Epoch 17: train_loss=0.01193, val_loss=0.01783
2025-09-02 22:55:02,388 | INFO | no_depth|Epoch 18: train_loss=0.01141, val_loss=0.07583
2025-09-02 22:55:02,465 | INFO | no_depth|Epoch 19: train_loss=0.01113, val_loss=0.09436
2025-09-02 22:55:02,543 | INFO | no_depth|Epoch 20: train_loss=0.01035, val_loss=0.03178
2025-09-02 22:55:02,618 | INFO | no_depth|Epoch 21: train_loss=0.00987, val_loss=0.08042
2025-09-02 22:55:02,700 | INFO | no_depth|Epoch 22: train_loss=0.01136, val_loss=0.02383
2025-09-02 22:55:02,779 | INFO | no_depth|Epoch 23: train_loss=0.01245, val_loss=0.08787
2025-09-02 22:55:02,862 | INFO | no_depth|Epoch 24: train_loss=0.00922, val_loss=0.01670
2025-09-02 22:55:02,863 | INFO | Early stopping at epoch 24
2025-09-02 22:55:02,873 | INFO | Model WITHOUT depth - MAE: 0.1372, RMSE: 0.1779
2025-09-02 22:55:03,683 | INFO | Analysis complete
2025-09-02 22:55:03,684 | INFO | Depth sensitivity: 0.0314 C/km
2025-09-02 22:55:03,684 | INFO | MAE improvement: -0.0181
2025-09-02 22:55:03,684 | INFO | Outputs saved to: c:\Users\H259507\CNN-LSTM_geo\output
2025-09-02 22:57:19,402 | INFO | Starting depth analysis on device: cuda
2025-09-02 22:57:19,417 | INFO | Loaded 2016 records with 44 features
2025-09-02 22:57:19,425 | INFO | Features: 20 base + 4 depth
2025-09-02 22:57:19,425 | INFO | Data split - Train: 1451, Val: 161, Test: 403
2025-09-02 22:57:19,425 | INFO | Training model WITH depth features
2025-09-02 22:57:19,426 | INFO | Enhanced depth signal for 'geo_gradient_C_per_km'
2025-09-02 22:57:19,426 | INFO | Enhanced depth signal for 'bore_depth_km'
2025-09-02 22:57:19,426 | INFO | Enhanced depth signal for 'geo_baseline_T_at_depth'
2025-09-02 22:57:19,429 | INFO | Enhanced depth signal for 'bore_depth_km__d1'
2025-09-02 22:57:19,431 | INFO | Depth attention enabled for 4 features
2025-09-02 22:57:20,958 | INFO | with_depth|Epoch 1: train_loss=15.97889, val_loss=10.28399
2025-09-02 22:57:21,041 | INFO | with_depth|Epoch 2: train_loss=1.20475, val_loss=3.45675
2025-09-02 22:57:21,129 | INFO | with_depth|Epoch 3: train_loss=0.82776, val_loss=2.64807
2025-09-02 22:57:21,212 | INFO | with_depth|Epoch 4: train_loss=0.46391, val_loss=0.90703
2025-09-02 22:57:21,294 | INFO | with_depth|Epoch 5: train_loss=0.18546, val_loss=0.64099
2025-09-02 22:57:21,379 | INFO | with_depth|Epoch 6: train_loss=0.05765, val_loss=0.01912
2025-09-02 22:57:21,465 | INFO | with_depth|Epoch 7: train_loss=0.04211, val_loss=0.01234
2025-09-02 22:57:21,546 | INFO | with_depth|Epoch 8: train_loss=0.03079, val_loss=0.02368
2025-09-02 22:57:21,627 | INFO | with_depth|Epoch 9: train_loss=0.02788, val_loss=0.02249
2025-09-02 22:57:21,710 | INFO | with_depth|Epoch 10: train_loss=0.02490, val_loss=0.02055
2025-09-02 22:57:21,794 | INFO | with_depth|Epoch 11: train_loss=0.02316, val_loss=0.02307
2025-09-02 22:57:21,877 | INFO | with_depth|Epoch 12: train_loss=0.02192, val_loss=0.02296
2025-09-02 22:57:21,961 | INFO | with_depth|Epoch 13: train_loss=0.02291, val_loss=0.02478
2025-09-02 22:57:22,051 | INFO | with_depth|Epoch 14: train_loss=0.02017, val_loss=0.02783
2025-09-02 22:57:22,136 | INFO | with_depth|Epoch 15: train_loss=0.02052, val_loss=0.01906
2025-09-02 22:57:22,218 | INFO | with_depth|Epoch 16: train_loss=0.01940, val_loss=0.01282
2025-09-02 22:57:22,302 | INFO | with_depth|Epoch 17: train_loss=0.01735, val_loss=0.01140
2025-09-02 22:57:22,383 | INFO | with_depth|Epoch 18: train_loss=0.01675, val_loss=0.01090
2025-09-02 22:57:22,469 | INFO | with_depth|Epoch 19: train_loss=0.01621, val_loss=0.01079
2025-09-02 22:57:22,558 | INFO | with_depth|Epoch 20: train_loss=0.01547, val_loss=0.01399
2025-09-02 22:57:22,641 | INFO | with_depth|Epoch 21: train_loss=0.01587, val_loss=0.01142
2025-09-02 22:57:22,724 | INFO | with_depth|Epoch 22: train_loss=0.01406, val_loss=0.01046
2025-09-02 22:57:22,809 | INFO | with_depth|Epoch 23: train_loss=0.01368, val_loss=0.00970
2025-09-02 22:57:22,889 | INFO | with_depth|Epoch 24: train_loss=0.01332, val_loss=0.00899
2025-09-02 22:57:22,971 | INFO | with_depth|Epoch 25: train_loss=0.01302, val_loss=0.00950
2025-09-02 22:57:23,054 | INFO | with_depth|Epoch 26: train_loss=0.01322, val_loss=0.00857
2025-09-02 22:57:23,139 | INFO | with_depth|Epoch 27: train_loss=0.01251, val_loss=0.01399
2025-09-02 22:57:23,216 | INFO | with_depth|Epoch 28: train_loss=0.01125, val_loss=0.01544
2025-09-02 22:57:23,296 | INFO | with_depth|Epoch 29: train_loss=0.01280, val_loss=0.01617
2025-09-02 22:57:23,379 | INFO | with_depth|Epoch 30: train_loss=0.01140, val_loss=0.04325
2025-09-02 22:57:23,463 | INFO | with_depth|Epoch 31: train_loss=0.01296, val_loss=0.13025
2025-09-02 22:57:23,543 | INFO | with_depth|Epoch 32: train_loss=0.01354, val_loss=0.02115
2025-09-02 22:57:23,627 | INFO | with_depth|Epoch 33: train_loss=0.01060, val_loss=0.04675
2025-09-02 22:57:23,708 | INFO | with_depth|Epoch 34: train_loss=0.01083, val_loss=0.08856
2025-09-02 22:57:23,795 | INFO | with_depth|Epoch 35: train_loss=0.00945, val_loss=0.07858
2025-09-02 22:57:23,880 | INFO | with_depth|Epoch 36: train_loss=0.01006, val_loss=0.11722
2025-09-02 22:57:23,966 | INFO | with_depth|Epoch 37: train_loss=0.00974, val_loss=0.13769
2025-09-02 22:57:24,051 | INFO | with_depth|Epoch 38: train_loss=0.00820, val_loss=0.19297
2025-09-02 22:57:24,147 | INFO | with_depth|Epoch 39: train_loss=0.00815, val_loss=0.26368
2025-09-02 22:57:24,229 | INFO | with_depth|Epoch 40: train_loss=0.00715, val_loss=0.22412
2025-09-02 22:57:24,240 | INFO | Model WITH depth - MAE: 0.2061, RMSE: 0.2537
2025-09-02 22:57:24,240 | INFO | Training model WITHOUT depth features
2025-09-02 22:57:24,308 | INFO | no_depth|Epoch 1: train_loss=17.30289, val_loss=13.54617
2025-09-02 22:57:24,370 | INFO | no_depth|Epoch 2: train_loss=1.59776, val_loss=2.31641
2025-09-02 22:57:24,432 | INFO | no_depth|Epoch 3: train_loss=0.89627, val_loss=2.89879
2025-09-02 22:57:24,506 | INFO | no_depth|Epoch 4: train_loss=0.58600, val_loss=1.54697
2025-09-02 22:57:24,588 | INFO | no_depth|Epoch 5: train_loss=0.18046, val_loss=0.12955
2025-09-02 22:57:24,667 | INFO | no_depth|Epoch 6: train_loss=0.04747, val_loss=0.01731
2025-09-02 22:57:24,751 | INFO | no_depth|Epoch 7: train_loss=0.03186, val_loss=0.00945
2025-09-02 22:57:24,842 | INFO | no_depth|Epoch 8: train_loss=0.02087, val_loss=0.00810
2025-09-02 22:57:24,931 | INFO | no_depth|Epoch 9: train_loss=0.01917, val_loss=0.00867
2025-09-02 22:57:25,011 | INFO | no_depth|Epoch 10: train_loss=0.01877, val_loss=0.00769
2025-09-02 22:57:25,093 | INFO | no_depth|Epoch 11: train_loss=0.01961, val_loss=0.02165
2025-09-02 22:57:25,175 | INFO | no_depth|Epoch 12: train_loss=0.01606, val_loss=0.01317
2025-09-02 22:57:25,259 | INFO | no_depth|Epoch 13: train_loss=0.01375, val_loss=0.01238
2025-09-02 22:57:25,339 | INFO | no_depth|Epoch 14: train_loss=0.01269, val_loss=0.01804
2025-09-02 22:57:25,421 | INFO | no_depth|Epoch 15: train_loss=0.01217, val_loss=0.01004
2025-09-02 22:57:25,501 | INFO | no_depth|Epoch 16: train_loss=0.01029, val_loss=0.02211
2025-09-02 22:57:25,584 | INFO | no_depth|Epoch 17: train_loss=0.01030, val_loss=0.02957
2025-09-02 22:57:25,665 | INFO | no_depth|Epoch 18: train_loss=0.01035, val_loss=0.01745
2025-09-02 22:57:25,747 | INFO | no_depth|Epoch 19: train_loss=0.00984, val_loss=0.05292
2025-09-02 22:57:25,825 | INFO | no_depth|Epoch 20: train_loss=0.01001, val_loss=0.01195
2025-09-02 22:57:25,912 | INFO | no_depth|Epoch 21: train_loss=0.00927, val_loss=0.02771
2025-09-02 22:57:25,994 | INFO | no_depth|Epoch 22: train_loss=0.00978, val_loss=0.02450
2025-09-02 22:57:26,073 | INFO | no_depth|Epoch 23: train_loss=0.00940, val_loss=0.04513
2025-09-02 22:57:26,161 | INFO | no_depth|Epoch 24: train_loss=0.00954, val_loss=0.04637
2025-09-02 22:57:26,242 | INFO | no_depth|Epoch 25: train_loss=0.01021, val_loss=0.02324
2025-09-02 22:57:26,321 | INFO | no_depth|Epoch 26: train_loss=0.01011, val_loss=0.04133
2025-09-02 22:57:26,321 | INFO | Early stopping at epoch 26
2025-09-02 22:57:26,331 | INFO | Model WITHOUT depth - MAE: 0.2123, RMSE: 0.2780
2025-09-02 22:57:27,355 | INFO | Analysis complete
2025-09-02 22:57:27,356 | INFO | Depth sensitivity: 0.0995 C/km
2025-09-02 22:57:27,356 | INFO | MAE improvement: 0.0062
2025-09-02 22:57:27,356 | INFO | Outputs saved to: c:\Users\H259507\CNN-LSTM_geo\output
