2025-11-04 21:22:14,043 | INFO | Starting Pure Sensor Data Analysis on device: cuda
2025-11-04 21:22:14,045 | INFO | Loading data from all sources (pure sensor data only)...
2025-11-04 21:22:14,045 | INFO | Loading complete field data (pure sensor data only)...
2025-11-04 21:22:14,224 | INFO | Loaded complete field data: 72448 records (pure sensor data)
2025-11-04 21:22:14,224 | INFO | Cleaning complete_field data: 72448 initial records
2025-11-04 21:22:14,234 | INFO | Cleaned complete_field data: 27453 records remaining
2025-11-04 21:22:14,234 | INFO | Loading Double U45mm research wells data (pure sensor data only)...
2025-11-04 21:22:14,802 | INFO | Processed SKD-110-01: 75863 records (pure sensor data)
2025-11-04 21:22:14,808 | INFO | Processed SKD-110-02: 75863 records (pure sensor data)
2025-11-04 21:22:14,815 | INFO | Processed SKD-110-03: 75742 records (pure sensor data)
2025-11-04 21:22:14,825 | INFO | Processed SKD-110-04: 75802 records (pure sensor data)
2025-11-04 21:22:14,829 | INFO | Combined Double U45mm data: 303270 total records from 4 wells
2025-11-04 21:22:14,833 | INFO | Cleaning double_u45mm_research data: 303270 initial records
2025-11-04 21:22:14,907 | INFO | Cleaned double_u45mm_research data: 286115 records remaining
2025-11-04 21:22:14,909 | INFO | Creating MuoviEllipse 63mm aggregated data (pure sensor data only)...
2025-11-04 21:22:14,910 | INFO | Loading complete field data (pure sensor data only)...
2025-11-04 21:22:15,076 | INFO | Loaded complete field data: 72448 records (pure sensor data)
2025-11-04 21:22:15,081 | INFO | Created MuoviEllipse aggregated data: 72448 records (pure sensor data)
2025-11-04 21:22:15,082 | INFO | Cleaning muovi_ellipse_research data: 72448 initial records
2025-11-04 21:22:15,102 | INFO | Cleaned muovi_ellipse_research data: 27453 records remaining
2025-11-04 21:22:15,139 | INFO | Combined dataset: 341021 records from 3 sources
2025-11-04 21:22:15,149 | INFO | BHE types: {'double_u45mm': 286115, 'single_u45mm': 27453, 'muovi_ellipse_63mm': 27453}
2025-11-04 21:22:15,149 | INFO | Analyzing BHE configurations (pure sensor data)...
2025-11-04 21:22:15,179 | INFO | double_u45mm: 286115 records, avg return temp: 6.61°C, avg temp diff: -0.27°C
2025-11-04 21:22:15,193 | INFO | single_u45mm: 27453 records, avg return temp: 9.01°C, avg temp diff: -0.27°C
2025-11-04 21:22:15,206 | INFO | muovi_ellipse_63mm: 27453 records, avg return temp: 9.01°C, avg temp diff: -0.27°C
2025-11-04 21:22:17,436 | INFO | Collector performance advantage analysis saved to output/collector_performance_advantages.png
2025-11-04 21:22:17,443 | INFO | Data splits: Train=204612, Val=51153, Test=85256
2025-11-04 21:22:17,488 | INFO | Dataset sizes: Train=204588, Val=51129, Test=85232
2025-11-04 21:22:17,494 | INFO | Pure Sensor CNN-LSTM Model initialized with 75,489 parameters
2025-11-04 21:22:17,494 | INFO | Features used: ['supply_temp', 'flow_rate', 'power_kw', 'bhe_type_encoded']
2025-11-04 21:22:17,495 | INFO | Starting model training on pure sensor data...
2025-11-04 21:22:18,501 | ERROR | Model training failed: Numpy is not available
2025-11-04 21:22:18,502 | INFO | However, pure sensor data analysis plots were still generated successfully!
2025-11-04 21:34:09,784 | INFO | Starting Pure Sensor Data Analysis on device: cuda
2025-11-04 21:34:09,785 | INFO | Loading data from all sources (pure sensor data only)...
2025-11-04 21:34:09,785 | INFO | Loading complete field data (pure sensor data only)...
2025-11-04 21:34:09,944 | INFO | Loaded complete field data: 72448 records (pure sensor data)
2025-11-04 21:34:09,945 | INFO | Cleaning complete_field data: 72448 initial records
2025-11-04 21:34:09,955 | INFO | Cleaned complete_field data: 27453 records remaining
2025-11-04 21:34:09,956 | INFO | Loading Double U45mm research wells data (pure sensor data only)...
2025-11-04 21:34:10,514 | INFO | Processed SKD-110-01: 75863 records (pure sensor data)
2025-11-04 21:34:10,523 | INFO | Processed SKD-110-02: 75863 records (pure sensor data)
2025-11-04 21:34:10,530 | INFO | Processed SKD-110-03: 75742 records (pure sensor data)
2025-11-04 21:34:10,540 | INFO | Processed SKD-110-04: 75802 records (pure sensor data)
2025-11-04 21:34:10,545 | INFO | Combined Double U45mm data: 303270 total records from 4 wells
2025-11-04 21:34:10,550 | INFO | Cleaning double_u45mm_research data: 303270 initial records
2025-11-04 21:34:10,625 | INFO | Cleaned double_u45mm_research data: 286115 records remaining
2025-11-04 21:34:10,627 | INFO | Creating MuoviEllipse 63mm aggregated data (pure sensor data only)...
2025-11-04 21:34:10,628 | INFO | Loading complete field data (pure sensor data only)...
2025-11-04 21:34:10,789 | INFO | Loaded complete field data: 72448 records (pure sensor data)
2025-11-04 21:34:10,793 | INFO | Created MuoviEllipse aggregated data: 72448 records (pure sensor data)
2025-11-04 21:34:10,794 | INFO | Cleaning muovi_ellipse_research data: 72448 initial records
2025-11-04 21:34:10,806 | INFO | Cleaned muovi_ellipse_research data: 27453 records remaining
2025-11-04 21:34:10,848 | INFO | Combined dataset: 341021 records from 3 sources
2025-11-04 21:34:10,858 | INFO | BHE types: {'double_u45mm': 286115, 'single_u45mm': 27453, 'muovi_ellipse_63mm': 27453}
2025-11-04 21:34:10,858 | INFO | Analyzing BHE configurations (pure sensor data)...
2025-11-04 21:34:10,885 | INFO | double_u45mm: 286115 records, avg return temp: 6.61°C, avg temp diff: -0.27°C
2025-11-04 21:34:10,900 | INFO | single_u45mm: 27453 records, avg return temp: 9.01°C, avg temp diff: -0.27°C
2025-11-04 21:34:10,913 | INFO | muovi_ellipse_63mm: 27453 records, avg return temp: 9.01°C, avg temp diff: -0.27°C
2025-11-04 21:34:12,178 | INFO | Simple analysis plots saved to: c:\Users\H259507\CNN-LSTM_geo\output\simple_collector_analysis.png
2025-11-04 21:34:12,183 | INFO | Data splits: Train=204612, Val=51153, Test=85256
2025-11-04 21:34:12,228 | INFO | Dataset sizes: Train=204588, Val=51129, Test=85232
2025-11-04 21:34:12,372 | INFO | Pure Sensor CNN-LSTM Model initialized with 75,489 parameters
2025-11-04 21:34:12,373 | INFO | Features used: ['supply_temp', 'flow_rate', 'power_kw', 'bhe_type_encoded']
2025-11-04 21:34:12,373 | INFO | Starting model training on pure sensor data...
2025-11-04 21:34:13,365 | ERROR | Model training failed: Numpy is not available
2025-11-04 21:34:13,365 | INFO | However, pure sensor data analysis plots were still generated successfully!
2025-11-04 21:37:59,709 | INFO | Starting Pure Sensor Data Analysis on device: cuda
2025-11-04 21:37:59,710 | INFO | Loading data from all sources (pure sensor data only)...
2025-11-04 21:37:59,710 | INFO | Loading complete field data (pure sensor data only)...
2025-11-04 21:37:59,876 | INFO | Loaded complete field data: 72448 records (pure sensor data)
2025-11-04 21:37:59,877 | INFO | Cleaning complete_field data: 72448 initial records
2025-11-04 21:37:59,887 | INFO | Cleaned complete_field data: 27453 records remaining
2025-11-04 21:37:59,888 | INFO | Loading Double U45mm research wells data (pure sensor data only)...
2025-11-04 21:38:00,443 | INFO | Processed SKD-110-01: 75863 records (pure sensor data)
2025-11-04 21:38:00,450 | INFO | Processed SKD-110-02: 75863 records (pure sensor data)
2025-11-04 21:38:00,456 | INFO | Processed SKD-110-03: 75742 records (pure sensor data)
2025-11-04 21:38:00,468 | INFO | Processed SKD-110-04: 75802 records (pure sensor data)
2025-11-04 21:38:00,473 | INFO | Combined Double U45mm data: 303270 total records from 4 wells
2025-11-04 21:38:00,478 | INFO | Cleaning double_u45mm_research data: 303270 initial records
2025-11-04 21:38:00,555 | INFO | Cleaned double_u45mm_research data: 286115 records remaining
2025-11-04 21:38:00,557 | INFO | Creating MuoviEllipse 63mm aggregated data (pure sensor data only)...
2025-11-04 21:38:00,558 | INFO | Loading complete field data (pure sensor data only)...
2025-11-04 21:38:00,721 | INFO | Loaded complete field data: 72448 records (pure sensor data)
2025-11-04 21:38:00,723 | INFO | Created MuoviEllipse aggregated data: 72448 records (pure sensor data)
2025-11-04 21:38:00,724 | INFO | Cleaning muovi_ellipse_research data: 72448 initial records
2025-11-04 21:38:00,737 | INFO | Cleaned muovi_ellipse_research data: 27453 records remaining
2025-11-04 21:38:00,772 | INFO | Combined dataset: 341021 records from 3 sources
2025-11-04 21:38:00,781 | INFO | BHE types: {'double_u45mm': 286115, 'single_u45mm': 27453, 'muovi_ellipse_63mm': 27453}
2025-11-04 21:38:00,782 | INFO | Analyzing BHE configurations (pure sensor data)...
2025-11-04 21:38:00,810 | INFO | double_u45mm: 286115 records, avg return temp: 6.61°C, avg temp diff: -0.27°C
2025-11-04 21:38:00,825 | INFO | single_u45mm: 27453 records, avg return temp: 9.01°C, avg temp diff: -0.27°C
2025-11-04 21:38:00,838 | INFO | muovi_ellipse_63mm: 27453 records, avg return temp: 9.01°C, avg temp diff: -0.27°C
2025-11-04 21:38:01,792 | INFO | Simple analysis plots saved to: c:\Users\H259507\CNN-LSTM_geo\output\simple_collector_analysis.png
2025-11-04 21:38:01,799 | INFO | Data splits: Train=204612, Val=51153, Test=85256
2025-11-04 21:38:01,843 | INFO | Dataset sizes: Train=204588, Val=51129, Test=85232
2025-11-04 21:38:01,851 | INFO | Pure Sensor CNN-LSTM Model initialized with 75,489 parameters
2025-11-04 21:38:01,852 | INFO | Features used: ['supply_temp', 'flow_rate', 'power_kw', 'bhe_type_encoded']
2025-11-04 21:38:01,852 | INFO | Starting model training on pure sensor data...
2025-11-04 21:38:02,903 | ERROR | Model training failed: Numpy is not available
2025-11-04 21:38:02,903 | INFO | However, pure sensor data analysis plots were still generated successfully!
2025-11-04 21:39:01,462 | INFO | Starting Pure Sensor Data Analysis on device: cuda
2025-11-04 21:39:01,464 | INFO | Loading data from all sources (pure sensor data only)...
2025-11-04 21:39:01,464 | INFO | Loading complete field data (pure sensor data only)...
2025-11-04 21:39:01,626 | INFO | Loaded complete field data: 72448 records (pure sensor data)
2025-11-04 21:39:01,626 | INFO | Cleaning complete_field data: 72448 initial records
2025-11-04 21:39:01,636 | INFO | Cleaned complete_field data: 27453 records remaining
2025-11-04 21:39:01,637 | INFO | Loading Double U45mm research wells data (pure sensor data only)...
2025-11-04 21:39:02,187 | INFO | Processed SKD-110-01: 75863 records (pure sensor data)
2025-11-04 21:39:02,193 | INFO | Processed SKD-110-02: 75863 records (pure sensor data)
2025-11-04 21:39:02,199 | INFO | Processed SKD-110-03: 75742 records (pure sensor data)
2025-11-04 21:39:02,209 | INFO | Processed SKD-110-04: 75802 records (pure sensor data)
2025-11-04 21:39:02,214 | INFO | Combined Double U45mm data: 303270 total records from 4 wells
2025-11-04 21:39:02,218 | INFO | Cleaning double_u45mm_research data: 303270 initial records
2025-11-04 21:39:02,299 | INFO | Cleaned double_u45mm_research data: 286115 records remaining
2025-11-04 21:39:02,300 | INFO | Creating MuoviEllipse 63mm aggregated data (pure sensor data only)...
2025-11-04 21:39:02,301 | INFO | Loading complete field data (pure sensor data only)...
2025-11-04 21:39:02,463 | INFO | Loaded complete field data: 72448 records (pure sensor data)
2025-11-04 21:39:02,465 | INFO | Created MuoviEllipse aggregated data: 72448 records (pure sensor data)
2025-11-04 21:39:02,466 | INFO | Cleaning muovi_ellipse_research data: 72448 initial records
2025-11-04 21:39:02,478 | INFO | Cleaned muovi_ellipse_research data: 27453 records remaining
2025-11-04 21:39:02,518 | INFO | Combined dataset: 341021 records from 3 sources
2025-11-04 21:39:02,528 | INFO | BHE types: {'double_u45mm': 286115, 'single_u45mm': 27453, 'muovi_ellipse_63mm': 27453}
2025-11-04 21:39:02,528 | INFO | Analyzing BHE configurations (pure sensor data)...
2025-11-04 21:39:02,556 | INFO | double_u45mm: 286115 records, avg return temp: 6.61°C, avg temp diff: -0.27°C
2025-11-04 21:39:02,571 | INFO | single_u45mm: 27453 records, avg return temp: 9.01°C, avg temp diff: -0.27°C
2025-11-04 21:39:02,583 | INFO | muovi_ellipse_63mm: 27453 records, avg return temp: 9.01°C, avg temp diff: -0.27°C
2025-11-04 21:39:03,513 | INFO | Simple analysis plots saved to: c:\Users\H259507\CNN-LSTM_geo\output\simple_collector_analysis.png
2025-11-04 21:39:03,520 | INFO | Data splits: Train=204612, Val=51153, Test=85256
2025-11-04 21:39:03,569 | INFO | Dataset sizes: Train=204588, Val=51129, Test=85232
2025-11-04 21:39:03,578 | INFO | Pure Sensor CNN-LSTM Model initialized with 75,489 parameters
2025-11-04 21:39:03,578 | INFO | Features used: ['supply_temp', 'flow_rate', 'power_kw', 'bhe_type_encoded']
2025-11-04 21:39:03,579 | INFO | Starting model training on pure sensor data...
2025-11-04 21:39:04,519 | ERROR | Model training failed: Numpy is not available
2025-11-04 21:39:04,520 | INFO | However, pure sensor data analysis plots were still generated successfully!
