2025-11-04 21:09:11,832 | INFO | Starting Research Wells Analysis on device: cuda
2025-11-04 21:09:11,835 | INFO | Loading data from all sources...
2025-11-04 21:09:11,835 | INFO | Loading complete field data...
2025-11-04 21:09:11,996 | INFO | Loaded complete field data: 72448 records
2025-11-04 21:09:11,996 | INFO | Cleaning complete_field data: 72448 initial records
2025-11-04 21:09:12,011 | INFO | Cleaned complete_field data: 27453 records remaining
2025-11-04 21:09:12,012 | INFO | Loading Double U45mm research wells data...
2025-11-04 21:09:12,561 | INFO | Processed SKD-110-01: 75863 records, standardized to 300m depth
2025-11-04 21:09:12,569 | INFO | Processed SKD-110-02: 75863 records, standardized to 300m depth
2025-11-04 21:09:12,581 | INFO | Processed SKD-110-03: 75742 records, standardized to 300m depth
2025-11-04 21:09:12,590 | INFO | Processed SKD-110-04: 75802 records, standardized to 300m depth
2025-11-04 21:09:12,596 | INFO | Combined Double U45mm data: 303270 total records from 4 wells
2025-11-04 21:09:12,601 | INFO | Cleaning double_u45mm_research data: 303270 initial records
2025-11-04 21:09:12,688 | INFO | Cleaned double_u45mm_research data: 286115 records remaining
2025-11-04 21:09:12,690 | INFO | Creating MuoviEllipse 63mm aggregated data...
2025-11-04 21:09:12,691 | INFO | Loading complete field data...
2025-11-04 21:09:12,861 | INFO | Loaded complete field data: 72448 records
2025-11-04 21:09:12,864 | INFO | Created MuoviEllipse aggregated data: 72448 records
2025-11-04 21:09:12,865 | INFO | Cleaning muovi_ellipse_research data: 72448 initial records
2025-11-04 21:09:12,880 | INFO | Cleaned muovi_ellipse_research data: 24739 records remaining
2025-11-04 21:09:12,926 | INFO | Combined dataset: 338307 records from 3 sources
2025-11-04 21:09:12,936 | INFO | BHE types: {'double_u45mm': 286115, 'single_u45mm': 27453, 'muovi_ellipse_63mm': 24739}
2025-11-04 21:09:12,936 | INFO | Analyzing BHE configurations...
2025-11-04 21:09:12,962 | INFO | double_u45mm: 286115 records, avg return temp: 6.61°C, standardized to 300m depth
2025-11-04 21:09:12,976 | INFO | muovi_ellipse_63mm: 24739 records, avg return temp: 9.35°C, standardized to 300m depth
2025-11-04 21:09:12,989 | INFO | single_u45mm: 27453 records, avg return temp: 9.01°C, standardized to 300m depth
2025-11-04 21:09:14,167 | INFO | Data analysis plots saved to output/research_wells_data_analysis.png
2025-11-04 21:09:14,174 | INFO | Data splits: Train=202984, Val=50746, Test=84577
2025-11-04 21:09:14,225 | INFO | Dataset sizes: Train=202960, Val=50722, Test=84553
2025-11-04 21:09:14,232 | INFO | Model initialized with 75,585 parameters
2025-11-04 21:09:14,232 | INFO | Starting model training...
2025-11-04 21:09:15,360 | ERROR | Model training failed: Numpy is not available
2025-11-04 21:09:15,361 | INFO | However, data analysis plots were still generated successfully!
